Jun-07 16:22:17.483 [main] DEBUG nextflow.cli.Launcher - $> nextflow run czbiohub/nf-kmer-similarity -latest -r olgabot/fix-fasta --fastas 's3://tick-genome/rna/pacbio-isoseq/2018-06-07/fake_genome_and_transcriptome/tick*.fake_ref_transcriptome.fasta' --one_signature_per_record --outdir 's3://tick-genome/rna/pacbio-isoseq/2018-06-07/fake_genome_and_transcriptome/transcriptome_kmer_similarity/' -work-dir 's3://tick-genome/nextflow-intermediates/' -profile czbiohub_aws
Jun-07 16:22:17.637 [main] INFO  nextflow.cli.CmdRun - N E X T F L O W  ~  version 19.03.0-edge
Jun-07 16:22:18.566 [main] DEBUG nextflow.scm.AssetManager - Git config: /Users/olgabot/.nextflow/assets/czbiohub/nf-kmer-similarity/.git/config; branch: master; remote: origin; url: https://github.com/czbiohub/nf-kmer-similarity.git
Jun-07 16:22:18.600 [main] DEBUG nextflow.scm.AssetManager - Git config: /Users/olgabot/.nextflow/assets/czbiohub/nf-kmer-similarity/.git/config; branch: master; remote: origin; url: https://github.com/czbiohub/nf-kmer-similarity.git
Jun-07 16:22:18.601 [main] INFO  nextflow.cli.CmdRun - Pulling czbiohub/nf-kmer-similarity ...
Jun-07 16:22:18.601 [main] DEBUG nextflow.scm.AssetManager - Pull pipeline czbiohub/nf-kmer-similarity  -- Using local path: /Users/olgabot/.nextflow/assets/czbiohub/nf-kmer-similarity
Jun-07 16:22:19.449 [main] DEBUG nextflow.scm.AssetManager - Git config: /Users/olgabot/.nextflow/assets/czbiohub/nf-kmer-similarity/.git/config; branch: master; remote: origin; url: https://github.com/czbiohub/nf-kmer-similarity.git
Jun-07 16:22:19.449 [main] INFO  nextflow.cli.CmdRun - Launching `czbiohub/nf-kmer-similarity` [nauseous_brattain] - revision: ef4069ce36 [olgabot/fix-fasta]
Jun-07 16:22:19.462 [main] DEBUG nextflow.config.ConfigBuilder - Found config home: /Users/olgabot/.nextflow/config
Jun-07 16:22:19.462 [main] DEBUG nextflow.config.ConfigBuilder - Found config base: /Users/olgabot/.nextflow/assets/czbiohub/nf-kmer-similarity/nextflow.config
Jun-07 16:22:19.464 [main] DEBUG nextflow.config.ConfigBuilder - Parsing config file: /Users/olgabot/.nextflow/config
Jun-07 16:22:19.464 [main] DEBUG nextflow.config.ConfigBuilder - Parsing config file: /Users/olgabot/.nextflow/assets/czbiohub/nf-kmer-similarity/nextflow.config
Jun-07 16:22:19.474 [main] DEBUG nextflow.config.ConfigBuilder - Applying config profile: `czbiohub_aws`
Jun-07 16:22:19.542 [main] DEBUG nextflow.config.ConfigBuilder - Applying config profile: `czbiohub_aws`
Jun-07 16:22:20.197 [main] DEBUG nextflow.config.ConfigBuilder - Available config profiles: [czbiohub_aws, hebbe, cfc, uppmax_devel, uzh, test, bigpurple, crick, uppmax, local, docker, gis, phoenix, shh, ccga, mendel, uct_hex, aws, munin, binac, prince]
Jun-07 16:22:20.238 [main] DEBUG nextflow.Session - Session uuid: 0caaa803-c6a1-49c1-8923-de3e70eab686
Jun-07 16:22:20.238 [main] DEBUG nextflow.Session - Run name: nauseous_brattain
Jun-07 16:22:20.239 [main] DEBUG nextflow.Session - Executor pool size: 8
Jun-07 16:22:20.258 [main] DEBUG nextflow.file.FileHelper - Creating a file system instance for provider: S3FileSystemProvider
Jun-07 16:22:20.266 [main] DEBUG nextflow.Global - Using AWS credential defined in `default` section in file: /Users/olgabot/.aws/credentials
Jun-07 16:22:20.272 [main] DEBUG nextflow.file.FileHelper - AWS S3 config details: {secret_key=Zl6hSJ.., max_connections=20, upload_storage_class=INTELLIGENT_TIERING, storage_encryption=AES256, access_key=AKIAI2.., region=us-west-2, connection_timeout=10000}
Jun-07 16:22:30.821 [main] DEBUG nextflow.cli.CmdRun - 
  Version: 19.03.0-edge build 5061
  Modified: 14-03-2019 17:26 UTC (10:26 PDT)
  System: Mac OS X 10.14.4
  Runtime: Groovy 2.5.6 on Java HotSpot(TM) 64-Bit Server VM 1.8.0_131-b11
  Encoding: UTF-8 (UTF-8)
  Process: 18424@Olgas-MacBook-Pro.local [192.168.101.150]
  CPUs: 8 - Mem: 16 GB (168.4 MB) - Swap: 4 GB (1.3 GB)
Jun-07 16:22:32.008 [main] DEBUG nextflow.Session - Work-dir: s3://tick-genome/nextflow-intermediates [Mac OS X]
Jun-07 16:22:32.008 [main] DEBUG nextflow.Session - Script base path does not exist or is not a directory: /Users/olgabot/.nextflow/assets/czbiohub/nf-kmer-similarity/bin
Jun-07 16:22:32.303 [main] DEBUG nextflow.Session - Session start invoked
Jun-07 16:22:32.309 [main] DEBUG nextflow.processor.TaskDispatcher - Dispatcher > start
Jun-07 16:22:32.310 [main] DEBUG nextflow.trace.TraceFileObserver - Flow starting -- trace file: /Users/olgabot/code/tick-workflows/kmer-similarity/trace.txt
Jun-07 16:22:32.321 [main] DEBUG nextflow.script.ScriptRunner - > Script parsing
Jun-07 16:22:32.694 [main] DEBUG nextflow.script.ScriptRunner - > Launching execution
Jun-07 16:22:32.696 [main] WARN  nextflow.script.ScriptBinding - Access to undefined parameter `help` -- Initialise it to a default value eg. `params.help = some_value`
Jun-07 16:22:32.811 [PathVisitor-1] DEBUG nextflow.file.PathVisitor - files for syntax: glob; folder: /tick-genome/rna/pacbio-isoseq/2018-06-07/fake_genome_and_transcriptome/; pattern: tick*.fake_ref_transcriptome.fasta; options: [:]
Jun-07 16:22:32.815 [PathVisitor-1] DEBUG nextflow.file.FileHelper - Path matcher not defined by 'S3FileSystem' file system -- using default default strategy
Jun-07 16:22:32.892 [main] INFO  nextflow.Nextflow - ==================================================================
      _                            _       _ _         _ _
     | |_ ___ _____ ___ ___    ___|_|_____|_| |___ ___|_| |_ _ _
     | '_|___|     | -_|  _|  |_ -| |     | | | .'|  _| |  _| | |
     |_,_|   |_|_|_|___|_|    |___|_|_|_|_|_|_|__,|_| |_|_| |_  |
                                                            |___|

czbiohub/nf-kmer-similarity vnull"
==================================================================
Jun-07 16:22:32.898 [main] INFO  nextflow.Nextflow - Pipeline Name  : czbiohub/nf-kmer-similarity
Pipeline Version: null
Run Name       : nauseous_brattain
Read Pairs     : false
Input fastas   : s3://tick-genome/rna/pacbio-isoseq/2018-06-07/fake_genome_and_transcriptome/tick*.fake_ref_transcriptome.fasta
SRA/ENA IDs    : false
Molecules      : dna,protein
K-mer sizes    : 21,27,33,51
Log2 sketch sizes: 10,12,14,16
Make one signature per record?: true
Max Memory     : 1.9 TB
Max CPUs       : 96
Max Time       : 10d
Output dir     : s3://tick-genome/rna/pacbio-isoseq/2018-06-07/fake_genome_and_transcriptome/transcriptome_kmer_similarity/
Working dir    : /tick-genome/nextflow-intermediates
Container Engine: docker
Container      : czbiohub/nf-kmer-similarity:dev
Current home   : /Users/olgabot
Current user   : olgabot
Current path   : /Users/olgabot/code/tick-workflows/kmer-similarity
Script dir     : /Users/olgabot/.nextflow/assets/czbiohub/nf-kmer-similarity
Config Profile : czbiohub_aws
Jun-07 16:22:32.899 [main] INFO  nextflow.Nextflow - =========================================
Jun-07 16:22:32.955 [main] DEBUG nextflow.processor.ProcessFactory - << taskConfig executor: awsbatch
Jun-07 16:22:32.955 [main] DEBUG nextflow.processor.ProcessFactory - >> processorType: 'awsbatch'
Jun-07 16:22:32.965 [main] DEBUG nextflow.executor.Executor - Initializing executor: awsbatch
Jun-07 16:22:32.967 [main] INFO  nextflow.executor.Executor - [warm up] executor > awsbatch
Jun-07 16:22:32.988 [main] DEBUG nextflow.util.ThrottlingExecutor - Creating throttling executor with opts: nextflow.util.ThrottlingExecutor$Options(poolName:AWSBatch-executor, limiter:RateLimiter[stableRate=50.0qps], poolSize:40, maxPoolSize:40, queueSize:5000, maxRetries:10, keepAlive:1m, autoThrottle:true, errorBurstDelay:1s, rampUpInterval:100, rampUpFactor:1.2, rampUpMaxRate:1.7976931348623157E308, backOffFactor:2.0, backOffMinRate:0.0166666667, retryDelay:1s)
Jun-07 16:22:33.001 [main] DEBUG nextflow.util.ThrottlingExecutor - Creating throttling executor with opts: nextflow.util.ThrottlingExecutor$Options(poolName:AWSBatch-reaper, limiter:RateLimiter[stableRate=50.0qps], poolSize:40, maxPoolSize:40, queueSize:5000, maxRetries:10, keepAlive:1m, autoThrottle:true, errorBurstDelay:1s, rampUpInterval:100, rampUpFactor:1.2, rampUpMaxRate:1.7976931348623157E308, backOffFactor:2.0, backOffMinRate:0.0166666667, retryDelay:1s)
Jun-07 16:22:33.002 [main] DEBUG n.cloud.aws.batch.AwsBatchExecutor - Creating parallel monitor for executor 'awsbatch' > pollInterval=10s; dumpInterval=5m
Jun-07 16:22:33.009 [main] DEBUG nextflow.processor.TaskDispatcher - Starting monitor: ParallelPollingMonitor
Jun-07 16:22:33.010 [main] DEBUG n.processor.TaskPollingMonitor - >>> barrier register (monitor: awsbatch)
Jun-07 16:22:33.013 [main] DEBUG nextflow.executor.Executor - Invoke register for executor: awsbatch
Jun-07 16:22:33.056 [main] DEBUG nextflow.Global - Using AWS credential defined in `default` section in file: /Users/olgabot/.aws/credentials
Jun-07 16:22:33.162 [main] DEBUG nextflow.Session - >>> barrier register (process: get_software_versions)
Jun-07 16:22:33.172 [main] DEBUG nextflow.processor.TaskProcessor - Creating operator > get_software_versions -- maxForks: 8
Jun-07 16:22:33.259 [main] DEBUG nextflow.processor.ProcessFactory - << taskConfig executor: awsbatch
Jun-07 16:22:33.259 [main] DEBUG nextflow.processor.ProcessFactory - >> processorType: 'awsbatch'
Jun-07 16:22:33.259 [main] DEBUG nextflow.executor.Executor - Initializing executor: awsbatch
Jun-07 16:22:33.261 [main] DEBUG nextflow.Session - >>> barrier register (process: fastqc)
Jun-07 16:22:33.261 [main] DEBUG nextflow.processor.TaskProcessor - Creating operator > fastqc -- maxForks: 8
Jun-07 16:22:33.272 [main] DEBUG nextflow.processor.ProcessFactory - << taskConfig executor: awsbatch
Jun-07 16:22:33.272 [main] DEBUG nextflow.processor.ProcessFactory - >> processorType: 'awsbatch'
Jun-07 16:22:33.272 [main] DEBUG nextflow.executor.Executor - Initializing executor: awsbatch
Jun-07 16:22:33.273 [main] DEBUG nextflow.Session - >>> barrier register (process: fastp)
Jun-07 16:22:33.273 [main] DEBUG nextflow.processor.TaskProcessor - Creating operator > fastp -- maxForks: 8
Jun-07 16:22:33.319 [main] DEBUG nextflow.util.CacheHelper - Config settings `withName:sourmash_compute_sketch` matches process sourmash_compute_sketch
Jun-07 16:22:33.322 [main] DEBUG nextflow.processor.ProcessFactory - << taskConfig executor: awsbatch
Jun-07 16:22:33.322 [main] DEBUG nextflow.processor.ProcessFactory - >> processorType: 'awsbatch'
Jun-07 16:22:33.322 [main] DEBUG nextflow.executor.Executor - Initializing executor: awsbatch
Jun-07 16:22:33.323 [main] WARN  nextflow.processor.TaskProcessor - Input `set` must define at least two component -- Check process `sourmash_compute_sketch`
Jun-07 16:22:33.334 [main] DEBUG nextflow.Session - >>> barrier register (process: sourmash_compute_sketch)
Jun-07 16:22:33.334 [main] DEBUG nextflow.processor.TaskProcessor - Creating *combiner* operator for each param(s) at index(es): [0, 1]
Jun-07 16:22:33.343 [main] DEBUG nextflow.processor.TaskProcessor - Creating operator > sourmash_compute_sketch -- maxForks: 8
Jun-07 16:22:33.366 [main] DEBUG nextflow.util.CacheHelper - Config settings `withName:sourmash_compare_sketches` matches process sourmash_compare_sketches
Jun-07 16:22:33.366 [main] DEBUG nextflow.processor.ProcessFactory - << taskConfig executor: awsbatch
Jun-07 16:22:33.366 [main] DEBUG nextflow.processor.ProcessFactory - >> processorType: 'awsbatch'
Jun-07 16:22:33.366 [main] DEBUG nextflow.executor.Executor - Initializing executor: awsbatch
Jun-07 16:22:33.367 [main] DEBUG nextflow.Session - >>> barrier register (process: sourmash_compare_sketches)
Jun-07 16:22:33.368 [main] DEBUG nextflow.processor.TaskProcessor - Creating operator > sourmash_compare_sketches -- maxForks: 8
Jun-07 16:22:34.544 [main] DEBUG nextflow.processor.ProcessFactory - << taskConfig executor: awsbatch
Jun-07 16:22:34.544 [main] DEBUG nextflow.processor.ProcessFactory - >> processorType: 'awsbatch'
Jun-07 16:22:34.544 [main] DEBUG nextflow.executor.Executor - Initializing executor: awsbatch
Jun-07 16:22:34.571 [main] DEBUG nextflow.Session - >>> barrier register (process: multiqc)
Jun-07 16:22:34.572 [main] DEBUG nextflow.processor.TaskProcessor - Creating operator > multiqc -- maxForks: 8
Jun-07 16:22:34.582 [main] DEBUG nextflow.processor.ProcessFactory - << taskConfig executor: awsbatch
Jun-07 16:22:34.582 [main] DEBUG nextflow.processor.ProcessFactory - >> processorType: 'awsbatch'
Jun-07 16:22:34.583 [main] DEBUG nextflow.executor.Executor - Initializing executor: awsbatch
Jun-07 16:22:34.583 [main] DEBUG nextflow.Session - >>> barrier register (process: output_documentation)
Jun-07 16:22:34.584 [main] DEBUG nextflow.processor.TaskProcessor - Creating operator > output_documentation -- maxForks: 8
Jun-07 16:22:34.586 [main] DEBUG nextflow.script.ScriptRunner - > Await termination 
Jun-07 16:22:34.586 [main] DEBUG nextflow.Session - Session await
Jun-07 16:22:34.592 [Actor Thread 9] DEBUG nextflow.util.CacheHelper - Unable to get file attributes file: /Users/olgabot/.nextflow/assets/czbiohub/nf-kmer-similarity/docs/output.md -- Cause: java.nio.file.NoSuchFileException: /Users/olgabot/.nextflow/assets/czbiohub/nf-kmer-similarity/docs/output.md
Jun-07 16:22:35.026 [AWSBatch-executor-10] DEBUG nextflow.file.FilePorter - Creating executor service for FilePorter(coreThreads:8, maxThreads:16, maxRetries:3, keepAlive:1m, pollTimeout:2s)
Jun-07 16:22:35.030 [FilePorter-1] DEBUG nextflow.util.CacheHelper - Unable to get file attributes file: /Users/olgabot/.nextflow/assets/czbiohub/nf-kmer-similarity/docs/output.md -- Cause: java.nio.file.NoSuchFileException: /Users/olgabot/.nextflow/assets/czbiohub/nf-kmer-similarity/docs/output.md
Jun-07 16:22:35.072 [FilePorter-1] DEBUG nextflow.util.CacheHelper - Unable to get file attributes file: s3://tick-genome/nextflow-intermediates/stage -- Cause: java.nio.file.NoSuchFileException: s3://tick-genome//tick-genome/nextflow-intermediates/stage
Jun-07 16:22:35.157 [FilePorter-1] DEBUG nextflow.file.FilePorter - Copying foreign file /Users/olgabot/.nextflow/assets/czbiohub/nf-kmer-similarity/docs/output.md to work dir: s3://tick-genome/nextflow-intermediates/stage/38/948cfc199962a5dcd66939e6fbb101/output.md
Jun-07 16:22:35.233 [AWSBatch-executor-10] DEBUG nextflow.processor.TaskRun - Unable to dump error of process 'output_documentation (null)' -- Cause: java.nio.file.NoSuchFileException: /var/folders/70/9pmmxs613fg12b1kl7gkgfjm0000gn/T/temp-s3-5100081646388118262/.command.log
Jun-07 16:22:35.235 [AWSBatch-executor-10] ERROR nextflow.processor.TaskProcessor - Error executing process > 'output_documentation (null)'

Caused by:
  Can't stage file file:///Users/olgabot/.nextflow/assets/czbiohub/nf-kmer-similarity/docs/output.md -- file does not exist

Command executed:

  markdown_to_html.r output.md results_description.html

Command exit status:
  -

Command output:
  (empty)

Work dir:
  s3://tick-genome/nextflow-intermediates/04/364ba32b64c2ee43c9514480924c37

Tip: you can try to figure out what's wrong by changing to the process work dir and showing the script file named `.command.sh`
Jun-07 16:22:35.237 [AWSBatch-executor-10] DEBUG nextflow.Session - Session aborted -- Cause: Can't stage file file:///Users/olgabot/.nextflow/assets/czbiohub/nf-kmer-similarity/docs/output.md -- file does not exist
Jun-07 16:22:35.255 [AWSBatch-executor-10] DEBUG nextflow.Session - The following nodes are still active:
[process] sourmash_compute_sketch
  status=ACTIVE
  port 0: (value) bound ; channel: __$eachinparam<0>
  port 1: (value) bound ; channel: __$eachinparam<1>
  port 2: (value) OPEN  ; channel: -
  port 3: (value) OPEN  ; channel: -
  port 4: (value) OPEN  ; channel: -
  port 5: (cntrl) -     ; channel: $

[process] sourmash_compare_sketches
  status=ACTIVE
  port 0: (queue) OPEN  ; channel: -
  port 1: (cntrl) -     ; channel: $

[process] multiqc
  status=ACTIVE
  port 0: (value) bound ; channel: multiqc_config
  port 1: (value) OPEN  ; channel: fastqc/*
  port 2: (value) OPEN  ; channel: software_versions/*
  port 3: (value) bound ; channel: workflow_summary
  port 4: (cntrl) -     ; channel: $

Jun-07 16:22:35.259 [Task monitor] DEBUG n.processor.TaskPollingMonitor - <<< barrier arrives (monitor: awsbatch)
Jun-07 16:22:35.260 [main] DEBUG nextflow.Session - Session await > all process finished
Jun-07 16:22:35.260 [main] DEBUG nextflow.Session - Session await > all barriers passed
Jun-07 16:22:35.270 [Actor Thread 10] DEBUG nextflow.Session - <<< barrier arrive (process: sourmash_compute_sketch)
Jun-07 16:22:35.271 [Actor Thread 16] DEBUG nextflow.Session - <<< barrier arrive (process: multiqc)
Jun-07 16:22:35.272 [Actor Thread 1] DEBUG nextflow.Session - <<< barrier arrive (process: sourmash_compare_sketches)
Jun-07 16:22:35.275 [main] ERROR nextflow.script.WorkflowMetadata - Failed to invoke `workflow.onComplete` event handler
java.io.FileNotFoundException: /Users/olgabot/.nextflow/assets/czbiohub/nf-kmer-similarity/assets/email_template.txt (No such file or directory)
	at java.io.FileInputStream.open0(Native Method)
	at java.io.FileInputStream.open(FileInputStream.java:195)
	at java.io.FileInputStream.<init>(FileInputStream.java:138)
	at java.io.FileReader.<init>(FileReader.java:72)
	at groovy.text.TemplateEngine.createTemplate(TemplateEngine.java:43)
	at groovy.text.TemplateEngine$createTemplate.call(Unknown Source)
	at org.codehaus.groovy.runtime.callsite.CallSiteArray.defaultCall(CallSiteArray.java:47)
	at org.codehaus.groovy.runtime.callsite.AbstractCallSite.call(AbstractCallSite.java:115)
	at org.codehaus.groovy.runtime.callsite.AbstractCallSite.call(AbstractCallSite.java:127)
	at _nf_script_93c2c75b$_run_closure13.doCall(_nf_script_93c2c75b:459)
	at _nf_script_93c2c75b$_run_closure13.doCall(_nf_script_93c2c75b)
	at sun.reflect.NativeMethodAccessorImpl.invoke0(Native Method)
	at sun.reflect.NativeMethodAccessorImpl.invoke(NativeMethodAccessorImpl.java:62)
	at sun.reflect.DelegatingMethodAccessorImpl.invoke(DelegatingMethodAccessorImpl.java:43)
	at java.lang.reflect.Method.invoke(Method.java:498)
	at org.codehaus.groovy.reflection.CachedMethod.invoke(CachedMethod.java:101)
	at groovy.lang.MetaMethod.doMethodInvoke(MetaMethod.java:323)
	at org.codehaus.groovy.runtime.metaclass.ClosureMetaClass.invokeMethod(ClosureMetaClass.java:263)
	at groovy.lang.MetaClassImpl.invokeMethod(MetaClassImpl.java:1041)
	at groovy.lang.Closure.call(Closure.java:405)
	at groovy.lang.Closure.call(Closure.java:399)
	at nextflow.script.WorkflowMetadata$_invokeOnComplete_closure4.doCall(WorkflowMetadata.groovy:369)
	at sun.reflect.NativeMethodAccessorImpl.invoke0(Native Method)
	at sun.reflect.NativeMethodAccessorImpl.invoke(NativeMethodAccessorImpl.java:62)
	at sun.reflect.DelegatingMethodAccessorImpl.invoke(DelegatingMethodAccessorImpl.java:43)
	at java.lang.reflect.Method.invoke(Method.java:498)
	at org.codehaus.groovy.reflection.CachedMethod.invoke(CachedMethod.java:101)
	at groovy.lang.MetaMethod.doMethodInvoke(MetaMethod.java:323)
	at org.codehaus.groovy.runtime.metaclass.ClosureMetaClass.invokeMethod(ClosureMetaClass.java:263)
	at groovy.lang.MetaClassImpl.invokeMethod(MetaClassImpl.java:1041)
	at groovy.lang.Closure.call(Closure.java:405)
	at groovy.lang.Closure.call(Closure.java:421)
	at org.codehaus.groovy.runtime.DefaultGroovyMethods.each(DefaultGroovyMethods.java:2296)
	at org.codehaus.groovy.runtime.DefaultGroovyMethods.each(DefaultGroovyMethods.java:2281)
	at org.codehaus.groovy.runtime.DefaultGroovyMethods.each(DefaultGroovyMethods.java:2322)
	at nextflow.script.WorkflowMetadata.invokeOnComplete(WorkflowMetadata.groovy:367)
	at sun.reflect.NativeMethodAccessorImpl.invoke0(Native Method)
	at sun.reflect.NativeMethodAccessorImpl.invoke(NativeMethodAccessorImpl.java:62)
	at sun.reflect.DelegatingMethodAccessorImpl.invoke(DelegatingMethodAccessorImpl.java:43)
	at java.lang.reflect.Method.invoke(Method.java:498)
	at org.codehaus.groovy.reflection.CachedMethod.invoke(CachedMethod.java:101)
	at groovy.lang.MetaMethod.doMethodInvoke(MetaMethod.java:323)
	at groovy.lang.MetaClassImpl.invokeMethod(MetaClassImpl.java:1217)
	at groovy.lang.MetaClassImpl.invokeMethod(MetaClassImpl.java:1041)
	at org.codehaus.groovy.runtime.InvokerHelper.invokePogoMethod(InvokerHelper.java:1011)
	at org.codehaus.groovy.runtime.InvokerHelper.invokeMethod(InvokerHelper.java:994)
	at org.codehaus.groovy.runtime.InvokerHelper.invokeMethodSafe(InvokerHelper.java:97)
	at nextflow.script.WorkflowMetadata$_closure3.doCall(WorkflowMetadata.groovy:233)
	at nextflow.script.WorkflowMetadata$_closure3.call(WorkflowMetadata.groovy)
	at nextflow.Session.shutdown0(Session.groovy:671)
	at nextflow.Session.destroy(Session.groovy:623)
	at nextflow.script.ScriptRunner.terminate(ScriptRunner.groovy:389)
	at nextflow.script.ScriptRunner.execute(ScriptRunner.groovy:172)
	at nextflow.cli.CmdRun.run(CmdRun.groovy:245)
	at nextflow.cli.Launcher.run(Launcher.groovy:449)
	at nextflow.cli.Launcher.main(Launcher.groovy:626)
Jun-07 16:22:35.287 [AWSBatch-executor-1] DEBUG n.c.aws.batch.AwsBatchTaskHandler - [AWS BATCH] Found job definition name=nf-czbiohub-nf-kmer-similarity:2; container=czbiohub/nf-kmer-similarity
Jun-07 16:22:35.372 [main] DEBUG nextflow.trace.StatsObserver - Workflow completed > WorkflowStats[succeedCount=0; failedCount=1; ignoredCount=0; cachedCount=0; succeedDuration=0ms; failedDuration=0ms; cachedDuration=0ms]
Jun-07 16:22:35.372 [main] DEBUG nextflow.trace.TraceFileObserver - Flow completing -- flushing trace file
Jun-07 16:22:35.374 [main] DEBUG nextflow.trace.ReportObserver - Flow completing -- rendering html report
Jun-07 16:22:35.420 [main] DEBUG nextflow.trace.ReportObserver - Execution report summary data:
  {"output_documentation":{"cpu":null,"mem":null,"vmem":null,"time":null,"reads":null,"writes":null,"cpuUsage":null,"memUsage":null,"timeUsage":null}}
Jun-07 16:22:36.368 [main] DEBUG nextflow.trace.TimelineObserver - Flow completing -- rendering html timeline
Jun-07 16:22:36.558 [main] DEBUG nextflow.CacheDB - Closing CacheDB done
Jun-07 16:22:36.559 [main] DEBUG nextflow.Session - AWS S3 uploader shutdown
Jun-07 16:22:36.573 [main] DEBUG nextflow.script.ScriptRunner - > Execution complete -- Goodbye
